<?xml version="1.0" encoding="UTF-8"?>
<testsuite xmlns:xsi="http://www.w3.org/2001/XMLSchema-instance" xsi:noNamespaceSchemaLocation="https://maven.apache.org/surefire/maven-surefire-plugin/xsd/surefire-test-report-3.0.xsd" version="3.0" name="petstore.TestPet" time="11.062" tests="7" errors="0" skipped="0" failures="0">
  <properties>
[...]
</properties>
  <testcase name="PostPet" classname="petstore.TestPet" time="5.697">
    <system-out><![CDATA[Request method:	POST
Request URI:	https://petstore.swagger.io/v2/pet
Proxy:			<none>
Request params:	<none>
Query params:	<none>
Form params:	<none>
Path params:	<none>
Headers:		Accept=*/*
				Content-Type=application/json
Cookies:		<none>
Multiparts:		<none>
Body:
{
    "id": 178999,
    "category": {
        "id": 1,
        "name": "dog"
    },
    "name": "ratazana",
    "photoUrls": [
        
    ],
    "tags": [
        {
            "id": 1,
            "name": "vacinado"
        },
        {
            "id": 2,
            "name": "vermifugado"
        }
    ],
    "status": "available"
}
HTTP/1.1 200 OK
Date: Fri, 30 Jan 2026 20:44:30 GMT
Content-Type: application/json
Transfer-Encoding: chunked
Connection: keep-alive
Access-Control-Allow-Origin: *
Access-Control-Allow-Methods: GET, POST, DELETE, PUT
Access-Control-Allow-Headers: Content-Type, api_key, Authorization
Server: Jetty(9.2.9.v20150224)

{
    "id": 178999,
    "category": {
        "id": 1,
        "name": "dog"
    },
    "name": "ratazana",
    "photoUrls": [
        
    ],
    "tags": [
        {
            "id": 1,
            "name": "vacinado"
        },
        {
            "id": 2,
            "name": "vermifugado"
        }
    ],
    "status": "available"
}
]]></system-out>
    <system-err><![CDATA[jan. 30, 2026 5:44:24 PM org.junit.platform.launcher.core.DiscoveryIssueNotifier logIssues
WARNING: TestEngine with ID 'junit-jupiter' encountered 2 non-critical issues during test discovery:

(1) [WARNING] @Test method 'public static java.lang.String petstore.TestUser.login()' must not be static. It will not be executed.
    Source: MethodSource [className = 'petstore.TestUser', methodName = 'login', methodParameterTypes = '']
            at petstore.TestUser.login(SourceFile:0)

(2) [WARNING] @Test method 'public static java.lang.String petstore.TestUser.login()' must not return a value. It will not be executed.
    Source: MethodSource [className = 'petstore.TestUser', methodName = 'login', methodParameterTypes = '']
            at petstore.TestUser.login(SourceFile:0)
]]></system-err>
  </testcase>
  <testcase name="GetPet" classname="petstore.TestPet" time="1.55">
    <system-out><![CDATA[Request method:	GET
Request URI:	https://petstore.swagger.io/v2/user/login?username=emily&password=123456
Proxy:			<none>
Request params:	<none>
Query params:	<none>
Form params:	<none>
Path params:	<none>
Headers:		Accept=*/*
				Content-Type=application/json
Cookies:		<none>
Multiparts:		<none>
Body:			<none>
HTTP/1.1 200 OK
Date: Fri, 30 Jan 2026 20:44:32 GMT
Content-Type: application/json
Transfer-Encoding: chunked
Connection: keep-alive
Access-Control-Allow-Origin: *
Access-Control-Allow-Methods: GET, POST, DELETE, PUT
Access-Control-Allow-Headers: Content-Type, api_key, Authorization
X-Expires-After: Fri Jan 30 21:44:32 UTC 2026
X-Rate-Limit: 5000
Server: Jetty(9.2.9.v20150224)

{
    "code": 200,
    "type": "unknown",
    "message": "logged in user session:1769805872477"
}
Conteudo do Token/API Key: 1769805872477
Request method:	GET
Request URI:	https://petstore.swagger.io/v2/pet/178999
Proxy:			<none>
Request params:	<none>
Query params:	<none>
Form params:	<none>
Path params:	<none>
Headers:		=api_key: 1769805872477
				Accept=*/*
				Content-Type=application/json
Cookies:		<none>
Multiparts:		<none>
Body:			<none>
HTTP/1.1 200 OK
Date: Fri, 30 Jan 2026 20:44:33 GMT
Content-Type: application/json
Transfer-Encoding: chunked
Connection: close
Access-Control-Allow-Origin: *
Access-Control-Allow-Methods: GET, POST, DELETE, PUT
Access-Control-Allow-Headers: Content-Type, api_key, Authorization
Server: Jetty(9.2.9.v20150224)

{
    "id": 178999,
    "category": {
        "id": 1,
        "name": "dog"
    },
    "name": "ratazana",
    "photoUrls": [
        
    ],
    "tags": [
        {
            "id": 1,
            "name": "vacinado"
        },
        {
            "id": 2,
            "name": "vermifugado"
        }
    ],
    "status": "available"
}
]]></system-out>
  </testcase>
  <testcase name="PutPet" classname="petstore.TestPet" time="0.672">
    <system-out><![CDATA[Request method:	PUT
Request URI:	https://petstore.swagger.io/v2/pet
Proxy:			<none>
Request params:	<none>
Query params:	<none>
Form params:	<none>
Path params:	<none>
Headers:		Accept=*/*
				Content-Type=application/json
Cookies:		<none>
Multiparts:		<none>
Body:
{
    "id": 178999,
    "category": {
        "id": 1,
        "name": "dog"
    },
    "name": "ratazana",
    "photoUrls": [
        
    ],
    "tags": [
        {
            "id": 1,
            "name": "vacinado"
        },
        {
            "id": 2,
            "name": "vermifugado"
        }
    ],
    "status": "sold"
}
HTTP/1.1 200 OK
Date: Fri, 30 Jan 2026 20:44:33 GMT
Content-Type: application/json
Transfer-Encoding: chunked
Connection: keep-alive
Access-Control-Allow-Origin: *
Access-Control-Allow-Methods: GET, POST, DELETE, PUT
Access-Control-Allow-Headers: Content-Type, api_key, Authorization
Server: Jetty(9.2.9.v20150224)

{
    "id": 178999,
    "category": {
        "id": 1,
        "name": "dog"
    },
    "name": "ratazana",
    "photoUrls": [
        
    ],
    "tags": [
        {
            "id": 1,
            "name": "vacinado"
        },
        {
            "id": 2,
            "name": "vermifugado"
        }
    ],
    "status": "sold"
}
]]></system-out>
  </testcase>
  <testcase name="DeletePet" classname="petstore.TestPet" time="0.647">
    <system-out><![CDATA[Request method:	DELETE
Request URI:	https://petstore.swagger.io/v2/pet/178999
Proxy:			<none>
Request params:	<none>
Query params:	<none>
Form params:	<none>
Path params:	<none>
Headers:		Accept=*/*
				Content-Type=application/json
Cookies:		<none>
Multiparts:		<none>
Body:			<none>
HTTP/1.1 200 OK
Date: Fri, 30 Jan 2026 20:44:34 GMT
Content-Type: application/json
Transfer-Encoding: chunked
Connection: keep-alive
Access-Control-Allow-Origin: *
Access-Control-Allow-Methods: GET, POST, DELETE, PUT
Access-Control-Allow-Headers: Content-Type, api_key, Authorization
Server: Jetty(9.2.9.v20150224)

{
    "code": 200,
    "type": "unknown",
    "message": "178999"
}
]]></system-out>
  </testcase>
  <testcase name="PostPetDDT(int, String, int, String, String, String)[1]" classname="petstore.TestPet" time="0.709">
    <system-out><![CDATA[Request method:	POST
Request URI:	https://petstore.swagger.io/v2/pet
Proxy:			<none>
Request params:	<none>
Query params:	<none>
Form params:	<none>
Path params:	<none>
Headers:		Accept=*/*
				Content-Type=application/json
Cookies:		<none>
Multiparts:		<none>
Body:
{
    "id": 178997,
    "category": {
        "id": 1,
        "name": "dog"
    },
    "name": "Scooby",
    "tags": [
        {
            "id": 1,
            "name": "vacinado"
        },
        {
            "id": 2,
            "name": "vermifugado"
        }
    ],
    "status": "available"
}
HTTP/1.1 200 OK
Date: Fri, 30 Jan 2026 20:44:35 GMT
Content-Type: application/json
Transfer-Encoding: chunked
Connection: keep-alive
Access-Control-Allow-Origin: *
Access-Control-Allow-Methods: GET, POST, DELETE, PUT
Access-Control-Allow-Headers: Content-Type, api_key, Authorization
Server: Jetty(9.2.9.v20150224)

{
    "id": 178997,
    "category": {
        "id": 1,
        "name": "dog"
    },
    "name": "Scooby",
    "photoUrls": [
        
    ],
    "tags": [
        {
            "id": 1,
            "name": "vacinado"
        },
        {
            "id": 2,
            "name": "vermifugado"
        }
    ],
    "status": "available"
}
]]></system-out>
  </testcase>
  <testcase name="PostPetDDT(int, String, int, String, String, String)[2]" classname="petstore.TestPet" time="0.687">
    <system-out><![CDATA[Request method:	POST
Request URI:	https://petstore.swagger.io/v2/pet
Proxy:			<none>
Request params:	<none>
Query params:	<none>
Form params:	<none>
Path params:	<none>
Headers:		Accept=*/*
				Content-Type=application/json
Cookies:		<none>
Multiparts:		<none>
Body:
{
    "id": 178998,
    "category": {
        "id": 2,
        "name": "cat"
    },
    "name": "Bichneto",
    "tags": [
        {
            "id": 1,
            "name": "vacinado"
        },
        {
            "id": 2,
            "name": "vermifugado"
        }
    ],
    "status": "available"
}
HTTP/1.1 200 OK
Date: Fri, 30 Jan 2026 20:44:36 GMT
Content-Type: application/json
Transfer-Encoding: chunked
Connection: keep-alive
Access-Control-Allow-Origin: *
Access-Control-Allow-Methods: GET, POST, DELETE, PUT
Access-Control-Allow-Headers: Content-Type, api_key, Authorization
Server: Jetty(9.2.9.v20150224)

{
    "id": 178998,
    "category": {
        "id": 2,
        "name": "cat"
    },
    "name": "Bichneto",
    "photoUrls": [
        
    ],
    "tags": [
        {
            "id": 1,
            "name": "vacinado"
        },
        {
            "id": 2,
            "name": "vermifugado"
        }
    ],
    "status": "available"
}
]]></system-out>
  </testcase>
  <testcase name="PostPetDDT(int, String, int, String, String, String)[3]" classname="petstore.TestPet" time="0.917">
    <system-out><![CDATA[Request method:	POST
Request URI:	https://petstore.swagger.io/v2/pet
Proxy:			<none>
Request params:	<none>
Query params:	<none>
Form params:	<none>
Path params:	<none>
Headers:		Accept=*/*
				Content-Type=application/json
Cookies:		<none>
Multiparts:		<none>
Body:
{
    "id": 178999,
    "category": {
        "id": 3,
        "name": "fish"
    },
    "name": "Nemo",
    "tags": [
        {
            "id": 1,
            "name": "vacinado"
        },
        {
            "id": 2,
            "name": "vermifugado"
        }
    ],
    "status": "available"
}
HTTP/1.1 200 OK
Date: Fri, 30 Jan 2026 20:44:36 GMT
Content-Type: application/json
Transfer-Encoding: chunked
Connection: keep-alive
Access-Control-Allow-Origin: *
Access-Control-Allow-Methods: GET, POST, DELETE, PUT
Access-Control-Allow-Headers: Content-Type, api_key, Authorization
Server: Jetty(9.2.9.v20150224)

{
    "id": 178999,
    "category": {
        "id": 3,
        "name": "fish"
    },
    "name": "Nemo",
    "photoUrls": [
        
    ],
    "tags": [
        {
            "id": 1,
            "name": "vacinado"
        },
        {
            "id": 2,
            "name": "vermifugado"
        }
    ],
    "status": "available"
}
]]></system-out>
  </testcase>
</testsuite>